===============================
🕒 Execução iniciada em: 20/01/2026 22:45:23
warning: in the working copy of 'backup.log', LF will be replaced by CRLF the next time Git touches it
📦 Alterações locais detectadas — salvando stash...
warning: in the working copy of 'Modulo 16 - List Comprehension/Lista 1 de Exercícios de Revisão/exercicios%20%281%29.ipynb', LF will be replaced by CRLF the next time Git touches it
warning: in the working copy of 'Modulo 16 - List Comprehension/Lista 1 de Exercícios de Revisão/exercicios.py', LF will be replaced by CRLF the next time Git touches it
warning: in the working copy of 'Modulo 16 - List Comprehension/Lista 1 de Exercícios de Revisão/exercicios_gabarito%20%281%29.ipynb', LF will be replaced by CRLF the next time Git touches it
warning: in the working copy of 'Modulo 16 - List Comprehension/Lista 1 de Exercícios de Revisão/exercicios_gabarito.py', LF will be replaced by CRLF the next time Git touches it
warning: in the working copy of 'Modulo 16 - List Comprehension/Lista 2 de Exercícios de Revisão/exercicios%20revis%C3%A3o.ipynb', LF will be replaced by CRLF the next time Git touches it
warning: in the working copy of 'Modulo 16 - List Comprehension/Lista 2 de Exercícios de Revisão/exercicios%20revis%C3%A3o.py', LF will be replaced by CRLF the next time Git touches it
warning: in the working copy of 'Modulo 16 - List Comprehension/Lista 2 de Exercícios de Revisão/exercicios_gabarito.ipynb', LF will be replaced by CRLF the next time Git touches it
warning: in the working copy of 'Modulo 16 - List Comprehension/Lista 2 de Exercícios de Revisão/exercicios_gabarito.py', LF will be replaced by CRLF the next time Git touches it
===============================
🕒 Execução iniciada em: 20/01/2026 23:00:02
warning: in the working copy of 'Modulo 16 - List Comprehension/Lista 1 de Exercícios de Revisão/exercicios%20%281%29.ipynb', LF will be replaced by CRLF the next time Git touches it
warning: in the working copy of 'Modulo 16 - List Comprehension/Lista 2 de Exercícios de Revisão/exercicios%20revis%C3%A3o.ipynb', LF will be replaced by CRLF the next time Git touches it
warning: in the working copy of 'backup.log', LF will be replaced by CRLF the next time Git touches it
📦 Alterações locais detectadas — salvando stash...
warning: in the working copy of 'Modulo 16 - List Comprehension/Lista 1 de Exercícios de Revisão/exercicios%20%281%29.ipynb', LF will be replaced by CRLF the next time Git touches it
warning: in the working copy of 'Modulo 16 - List Comprehension/Lista 2 de Exercícios de Revisão/exercicios%20revis%C3%A3o.ipynb', LF will be replaced by CRLF the next time Git touches it
===============================
🕒 Execução iniciada em: 21/01/2026 23:00:02
warning: in the working copy of 'Modulo 16 - List Comprehension/Lista 2 de Exercícios de Revisão/exercicios%20revis%C3%A3o.ipynb', LF will be replaced by CRLF the next time Git touches it
warning: in the working copy of 'backup.log', LF will be replaced by CRLF the next time Git touches it
📦 Alterações locais detectadas — salvando stash...
warning: in the working copy of 'Modulo 16 - List Comprehension/Lista 2 de Exercícios de Revisão/exercicios%20revis%C3%A3o.ipynb', LF will be replaced by CRLF the next time Git touches it
===============================
🕒 Execução iniciada em: 22/01/2026 20:19:50
warning: in the working copy of 'backup.log', LF will be replaced by CRLF the next time Git touches it
📦 Alterações locais detectadas — salvando stash...
warning: in the working copy of 'Modulo 17 - Modulos, Bibliotecas e Orient Objeto/07_datetime_exercicios.ipynb', LF will be replaced by CRLF the next time Git touches it
warning: in the working copy of 'Modulo 17 - Modulos, Bibliotecas e Orient Objeto/07_datetime_exercicios_solucao.ipynb', LF will be replaced by CRLF the next time Git touches it
warning: in the working copy of 'Modulo 17 - Modulos, Bibliotecas e Orient Objeto/08_datetime_desafio.ipynb', LF will be replaced by CRLF the next time Git touches it
warning: in the working copy of 'Modulo 17 - Modulos, Bibliotecas e Orient Objeto/08_datetime_desafio_solucao.ipynb', LF will be replaced by CRLF the next time Git touches it
warning: in the working copy of 'Modulo 17 - Modulos, Bibliotecas e Orient Objeto/C%C3%B3pia%20de%2003_time_exercicios.ipynb', LF will be replaced by CRLF the next time Git touches it
warning: in the working copy of 'Modulo 17 - Modulos, Bibliotecas e Orient Objeto/C%C3%B3pia%20de%2003_time_exercicios_solucao.ipynb', LF will be replaced by CRLF the next time Git touches it
warning: in the working copy of 'Modulo 17 - Modulos, Bibliotecas e Orient Objeto/C%C3%B3pia%20de%2004_time_desafio.ipynb', LF will be replaced by CRLF the next time Git touches it
warning: in the working copy of 'Modulo 17 - Modulos, Bibliotecas e Orient Objeto/C%C3%B3pia%20de%2004_time_desafio_solucao.ipynb', LF will be replaced by CRLF the next time Git touches it
warning: in the working copy of 'Modulo 17 - Modulos, Bibliotecas e Orient Objeto/Cópia de 01_datetime_parte_01.ipynb', LF will be replaced by CRLF the next time Git touches it
warning: in the working copy of 'Modulo 17 - Modulos, Bibliotecas e Orient Objeto/Cópia de 02_datetime_parte_02.ipynb', LF will be replaced by CRLF the next time Git touches it
warning: in the working copy of 'Modulo 17 - Modulos, Bibliotecas e Orient Objeto/Cópia de 02_time_parte_02.ipynb', LF will be replaced by CRLF the next time Git touches it
warning: in the working copy of 'Modulo 17 - Modulos, Bibliotecas e Orient Objeto/Gabarito%20-%20M%C3%B3dulos%20e%20Introdu%C3%A7%C3%A3o%20a%20Orienta%C3%A7%C3%A3o%20a%20Objetos%2002.ipynb', LF will be replaced by CRLF the next time Git touches it
warning: in the working copy of 'Modulo 17 - Modulos, Bibliotecas e Orient Objeto/Gabarito%20-%20M%C3%B3dulos%20e%20Introdu%C3%A7%C3%A3o%20a%20Orienta%C3%A7%C3%A3o%20a%20Objetos%2005.ipynb', LF will be replaced by CRLF the next time Git touches it
warning: in the working copy of 'Modulo 17 - Modulos, Bibliotecas e Orient Objeto/Gabarito%20-%20M%C3%B3dulos%20e%20Introdu%C3%A7%C3%A3o%20a%20Orienta%C3%A7%C3%A3o%20a%20Objetos%2006.ipynb', LF will be replaced by CRLF the next time Git touches it
warning: in the working copy of 'Modulo 17 - Modulos, Bibliotecas e Orient Objeto/Gabarito%20-%20M%C3%B3dulos%20e%20Introdu%C3%A7%C3%A3o%20a%20Orienta%C3%A7%C3%A3o%20a%20Objetos%2007.ipynb', LF will be replaced by CRLF the next time Git touches it
warning: in the working copy of 'Modulo 17 - Modulos, Bibliotecas e Orient Objeto/M%C3%B3dulos%20e%20Introdu%C3%A7%C3%A3o%20a%20Orienta%C3%A7%C3%A3o%20a%20Objetos%2002.ipynb', LF will be replaced by CRLF the next time Git touches it
warning: in the working copy of 'Modulo 17 - Modulos, Bibliotecas e Orient Objeto/M%C3%B3dulos%20e%20Introdu%C3%A7%C3%A3o%20a%20Orienta%C3%A7%C3%A3o%20a%20Objetos%2005.ipynb', LF will be replaced by CRLF the next time Git touches it
warning: in the working copy of 'Modulo 17 - Modulos, Bibliotecas e Orient Objeto/M%C3%B3dulos%20e%20Introdu%C3%A7%C3%A3o%20a%20Orienta%C3%A7%C3%A3o%20a%20Objetos%2006.ipynb', LF will be replaced by CRLF the next time Git touches it
warning: in the working copy of 'Modulo 17 - Modulos, Bibliotecas e Orient Objeto/M%C3%B3dulos%20e%20Introdu%C3%A7%C3%A3o%20a%20Orienta%C3%A7%C3%A3o%20a%20Objetos%2007.ipynb', LF will be replaced by CRLF the next time Git touches it
warning: in the working copy of 'Modulo 17 - Modulos, Bibliotecas e Orient Objeto/Módulos e Introdução a Orientação a Objetos 01.ipynb', LF will be replaced by CRLF the next time Git touches it
warning: in the working copy of 'Modulo 17 - Modulos, Bibliotecas e Orient Objeto/Módulos e Introdução a Orientação a Objetos 03.ipynb', LF will be replaced by CRLF the next time Git touches it
warning: in the working copy of 'Modulo 17 - Modulos, Bibliotecas e Orient Objeto/Módulos e Introdução a Orientação a Objetos 04.ipynb', LF will be replaced by CRLF the next time Git touches it
warning: in the working copy of 'Modulo 17 - Modulos, Bibliotecas e Orient Objeto/Módulos e Introdução a Orientação a Objetos 08.ipynb', LF will be replaced by CRLF the next time Git touches it
